Initializing document watcher...
Detected change in configuration: {}
desafiomodulo1/index.js: {}
desafiomodulo1/index.js: Using EditorConfig core...
desafiomodulo1/index.js: {}
desafiomodulo1/index.js: {}
desafiomodulo1/index.js: Using EditorConfig core...
desafiomodulo1/index.js: Using EditorConfig core...
desafiomodulo1/index.js: Using EditorConfig core...
desafiomodulo1/index.js: Using EditorConfig core...
desafiomodulo1/index.js: Using EditorConfig core...
desafiomodulo1/index.js: {}
desafiomodulo1/index.js: Using EditorConfig core...
desafiomodulo1/index.js: {}
desafiomodulo1/.vscode/launch.json: {}
Detected change in configuration: {}
desafiomodulo1/index.js: {}
desafiomodulo1/index.js: Using EditorConfig core...
desafiomodulo1/index.js: Using EditorConfig core...
desafiomodulo1/index.js: Using EditorConfig core...
desafiomodulo1/index.js: {}
desafiomodulo1/index.js: {}
desafiomodulo1/index.js: {}
desafiomodulo1/index.js: {}
desafiomodulo1/index.js: {}
<node_internals>/internal/modules/cjs/loader.js: {}
<node_internals>/internal/bootstrap/node.js: {}
<node_internals>/internal/async_hooks.js: {}
desafiomodulo1/index.js: {}
desafiomodulo1/index.js: {}
desafiomodulo1/index.js: {}
desafiomodulo1/index.js: Using EditorConfig core...
desafiomodulo1/index.js: {}
desafiomodulo1/index.js: {}
desafiomodulo1/index.js: {}
desafiomodulo1/index.js: Using EditorConfig core...
desafiomodulo1/index.js: {}
desafiomodulo1/index.js: Using EditorConfig core...
desafiomodulo1/index.js: Using EditorConfig core...
desafiomodulo1/index.js: {}
desafiomodulo1/index.js: Using EditorConfig core...
desafiomodulo1/index.js: {}
desafiomodulo1/index.js: {}
desafiomodulo1/index.js: Using EditorConfig core...
desafiomodulo1/index.js: Using EditorConfig core...
desafiomodulo1/index.js: {}
desafiomodulo1/index.js: {}
desafiomodulo1/index.js: Using EditorConfig core...
desafiomodulo1/index.js: {}
desafiomodulo1/index.js: Using EditorConfig core...
desafiomodulo1/index.js: Using EditorConfig core...
desafiomodulo1/index.js: {}
desafiomodulo1/index.js: Using EditorConfig core...
desafiomodulo1/index.js: {}
desafiomodulo1/index.js: {}
desafiomodulo1/index.js: {}
desafiomodulo1/index.js: {}
desafiomodulo1/index.js: Using EditorConfig core...
desafiomodulo1/index.js: {}
desafiomodulo1/index.js: Using EditorConfig core...
desafiomodulo1/index.js: {}
desafiomodulo1/index.js: Using EditorConfig core...
desafiomodulo1/index.js: Using EditorConfig core...
desafiomodulo1/index.js: {}
desafiomodulo1/index.js: {}
desafiomodulo1/index.js: Using EditorConfig core...
desafiomodulo1/index.js: {}
desafiomodulo1/index.js: Using EditorConfig core...
desafiomodulo1/index.js: Using EditorConfig core...
desafiomodulo1/index.js: {}
desafiomodulo1/index.js: {}
desafiomodulo1/index.js: Using EditorConfig core...
desafiomodulo1/index.js: {}
desafiomodulo1/index.js: {}
desafiomodulo1/index.js: {}
desafiomodulo1/index.js: {}
desafiomodulo1/index.js: Using EditorConfig core...
desafiomodulo1/index.js: {}
desafiomodulo1/index.js: Using EditorConfig core...
desafiomodulo1/index.js: Using EditorConfig core...
desafiomodulo1/index.js: {}
desafiomodulo1/index.js: {}
desafiomodulo1/index.js: {}
desafiomodulo1/index.js: {}
desafiomodulo1/index.js: {}
desafiomodulo1/index.js: {}
desafiomodulo1/index.js: Using EditorConfig core...
desafiomodulo1/index.js: {}
desafiomodulo1/index.js: {}
desafiomodulo1/index.js: {}
desafiomodulo1/index.js: {}
desafiomodulo1/index.js: Using EditorConfig core...
desafiomodulo1/index.js: {}
desafiomodulo1/index.js: {}
desafiomodulo1/index.js: {}
desafiomodulo1/index.js: {}
desafiomodulo1/index.js: Using EditorConfig core...
desafiomodulo1/index.js: {}
desafiomodulo1/index.js: {}
desafiomodulo1/index.js: Using EditorConfig core...
desafiomodulo1/index.js: {}
desafiomodulo1/index.js: Using EditorConfig core...
desafiomodulo1/index.js: Using EditorConfig core...
desafiomodulo1/index.js: {}
desafiomodulo1/index.js: {}
desafiomodulo1/index.js: {}
desafiomodulo1/index.js: Using EditorConfig core...
desafiomodulo1/index.js: {}
desafiomodulo1/index.js: {}
desafiomodulo1/index.js: {}
desafiomodulo1/index.js: {}
desafiomodulo1/index.js: {}
desafiomodulo1/index.js: {}
desafiomodulo1/index.js: Using EditorConfig core...
desafiomodulo1/index.js: Using EditorConfig core...
desafiomodulo1/index.js: {}
desafiomodulo1/index.js: {}
desafiomodulo1/index.js: Using EditorConfig core...
desafiomodulo1/index.js: {}
desafiomodulo1/index.js: Using EditorConfig core...
desafiomodulo1/index.js: {}
desafiomodulo1/index.js: {}
desafiomodulo1/index.js: Using EditorConfig core...
desafiomodulo1/index.js: {}
desafiomodulo1/index.js: {}
desafiomodulo1/index.js: Using EditorConfig core...
desafiomodulo1/index.js: {}
desafiomodulo1/index.js: {}
desafiomodulo1/index.js: Using EditorConfig core...
desafiomodulo1/index.js: {}
desafiomodulo1/index.js: {}
desafiomodulo1/index.js: Using EditorConfig core...
desafiomodulo1/index.js: {}
desafiomodulo1/index.js: Using EditorConfig core...
desafiomodulo1/index.js: {}
desafiomodulo1/index.js: Using EditorConfig core...
desafiomodulo1/index.js: {}
desafiomodulo1/index.js: {}
desafiomodulo1/index.js: {}
desafiomodulo1/index.js: {}
desafiomodulo1/index.js: Using EditorConfig core...
desafiomodulo1/index.js: {}
desafiomodulo1/index.js: {}
desafiomodulo1/index.js: {}
desafiomodulo1/index.js: Using EditorConfig core...
desafiomodulo1/index.js: Using EditorConfig core...
desafiomodulo1/index.js: Using EditorConfig core...
desafiomodulo1/index.js: {}
desafiomodulo1/index.js: {}
desafiomodulo1/index.js: {}
desafiomodulo1/index.js: Using EditorConfig core...
desafiomodulo1/index.js: Using EditorConfig core...
desafiomodulo1/index.js: {}
desafiomodulo1/index.js: Using EditorConfig core...
desafiomodulo1/index.js: Using EditorConfig core...
desafiomodulo1/index.js: {}
desafiomodulo1/index.js: Using EditorConfig core...
desafiomodulo1/index.js: {}
desafiomodulo1/index.js: {}
desafiomodulo1/index.js: {}
desafiomodulo1/index.js: Using EditorConfig core...
desafiomodulo1/index.js: {}
desafiomodulo1/index.js: {}
desafiomodulo1/index.js: {}
desafiomodulo1/index.js: {}
desafiomodulo1/index.js: {}
desafiomodulo1/index.js: {}
desafiomodulo1/index.js: {}
desafiomodulo1/index.js: {}
desafiomodulo1/index.js: Using EditorConfig core...
desafiomodulo1/index.js: {}
desafiomodulo1/index.js: Using EditorConfig core...
desafiomodulo1/index.js: {}
desafiomodulo1/index.js: {}
desafiomodulo1/index.js: {}
desafiomodulo1/index.js: Using EditorConfig core...
desafiomodulo1/index.js: {}
desafiomodulo1/index.js: Using EditorConfig core...
desafiomodulo1/index.js: Using EditorConfig core...
desafiomodulo1/index.js: Using EditorConfig core...
desafiomodulo1/index.js: Using EditorConfig core...
desafiomodulo1/index.js: {}
desafiomodulo1/index.js: {}
desafiomodulo1/index.js: {}
desafiomodulo1/index.js: {}
desafiomodulo1/index.js: Using EditorConfig core...
desafiomodulo1/index.js: Using EditorConfig core...
desafiomodulo1/index.js: {}
desafiomodulo1/index.js: {}
desafiomodulo1/index.js: {}
desafiomodulo1/index.js: {}
desafiomodulo1/index.js: {}
desafiomodulo1/index.js: {}
desafiomodulo1/index.js: {}
desafiomodulo1/index.js: {}
desafiomodulo1/index.js: {}
desafiomodulo1/index.js: {}
desafiomodulo1/index.js: {}
desafiomodulo1/index.js: {}
desafiomodulo1/index.js: Using EditorConfig core...
desafiomodulo1/index.js: Using EditorConfig core...
desafiomodulo1/index.js: {}
desafiomodulo1/index.js: Using EditorConfig core...
desafiomodulo1/index.js: {}
desafiomodulo1/index.js: Using EditorConfig core...
desafiomodulo1/index.js: Using EditorConfig core...
desafiomodulo1/index.js: {}
desafiomodulo1/index.js: Using EditorConfig core...
desafiomodulo1/index.js: {}
desafiomodulo1/index.js: Using EditorConfig core...
desafiomodulo1/index.js: {}
desafiomodulo1/index.js: {}
desafiomodulo1/index.js: {}
desafiomodulo1/index.js: {}
desafiomodulo1/index.js: {}
desafiomodulo1/index.js: Using EditorConfig core...
desafiomodulo1/index.js: Using EditorConfig core...
desafiomodulo1/index.js: Using EditorConfig core...
desafiomodulo1/index.js: {}
desafiomodulo1/index.js: {}
desafiomodulo1/index.js: Using EditorConfig core...
desafiomodulo1/index.js: {}
desafiomodulo1/index.js: {}
desafiomodulo1/index.js: Using EditorConfig core...
desafiomodulo1/index.js: Using EditorConfig core...
desafiomodulo1/index.js: {}
desafiomodulo1/index.js: Using EditorConfig core...
desafiomodulo1/index.js: Using EditorConfig core...
desafiomodulo1/index.js: Using EditorConfig core...
desafiomodulo1/index.js: {}
desafiomodulo1/index.js: Using EditorConfig core...
desafiomodulo1/index.js: {}
desafiomodulo1/index.js: Using EditorConfig core...
desafiomodulo1/index.js: {}
desafiomodulo1/index.js: Using EditorConfig core...
desafiomodulo1/index.js: {}
desafiomodulo1/index.js: {}
desafiomodulo1/.gitignore: {}
desafiomodulo1/.gitignore: Using EditorConfig core...
desafiomodulo1/index.js: {}
